Log file open, 10/19/14 17:43:54
LogInit:Display: Running engine for game: Tokyo
LogInit: Version: 4.4.3-2296771+++depot+UE4-Releases+4.4
LogInit: API Version: 2255576
LogInit: Compiled (64-bit): Sep 13 2014 22:30:58
LogInit: Build Configuration: Development
LogInit: Branch Name: ++depot+UE4-Releases+4.4
LogInit: Command line: 
LogInit: Base directory: C:/Program Files/Unreal Engine/4.4/Engine/Binaries/Win64/
LogInit: Rocket: 1
[2014.10.19-13.43.54:937][  0]LogTaskGraph: Started task graph with 3 named threads and 4 total threads.
[2014.10.19-13.43.54:978][  0]LogOnline:Warning: No default platform service specified for OnlineSubsystem
[2014.10.19-13.43.55:004][  0]LogInit: Presizing for 0 objects not considered by GC, pre-allocating 0 bytes.
[2014.10.19-13.43.55:023][  0]LogInit: Object subsystem initialized
[2014.10.19-13.43.55:034][  0]LogInit: Selected Device Profile: [Windows]
[2014.10.19-13.43.55:034][  0]LogInit: Applying CVar settings loaded from the selected device profile: [Windows]
[2014.10.19-13.43.55:040][  0]LogInit: Computer: EVGENY
[2014.10.19-13.43.55:041][  0]LogInit: User: Evgeny
[2014.10.19-13.43.55:042][  0]LogInit: CPU Page size=4096, Cores=4
[2014.10.19-13.43.55:042][  0]LogInit: High frequency timer resolution =3.320317 MHz
[2014.10.19-13.43.55:043][  0]LogMemory: Memory total: Physical=31.9GB (32GB approx) Virtual=131072.0GB
[2014.10.19-13.43.55:043][  0]LogMemory: Platform Memory Stats for Windows
[2014.10.19-13.43.55:043][  0]LogMemory: Process Physical Memory: 60.13 MB used, 60.13 MB peak
[2014.10.19-13.43.55:043][  0]LogMemory: Process Virtual Memory: 38.07 MB used, 38.07 MB peak
[2014.10.19-13.43.55:044][  0]LogMemory: Physical Memory: 3650.19 MB used, 32673.82 MB total
[2014.10.19-13.43.55:044][  0]LogMemory: Virtual Memory: 267.17 MB used, 134217728.00 MB total
[2014.10.19-13.43.55:105][  0]LogD3D11RHI: Found D3D11 adapter 0: NVIDIA GeForce GTX 780 (Feature Level 11_0)
[2014.10.19-13.43.55:105][  0]LogD3D11RHI: Adapter has 2930MB of dedicated video memory, 0MB of dedicated system memory, and 16336MB of shared system memory, 1 output[s]
[2014.10.19-13.43.55:113][  0]LogD3D11RHI: Found D3D11 adapter 1: Microsoft Basic Render Driver (Feature Level 11_0)
[2014.10.19-13.43.55:113][  0]LogD3D11RHI: Adapter has 0MB of dedicated video memory, 0MB of dedicated system memory, and 256MB of shared system memory, 0 output[s]
[2014.10.19-13.43.55:114][  0]LogD3D11RHI: Chosen D3D11 Adapter Id = 0
[2014.10.19-13.43.55:118][  0]LogRHI: Texture pool is 1361 MB (70% of 1945 MB)
[2014.10.19-13.43.55:150][  0]LogD3D11RHI: Async texture creation enabled
[2014.10.19-13.43.55:258][  0]LogTextLocalizationManager:Warning: The selected culture 'ru_RU' is not available; falling back to 'en'
[2014.10.19-13.43.55:314][  0]LogContentStreaming: Texture pool size is 0.000000MB
[2014.10.19-13.43.56:451][  0]LogTargetPlatformManager:Display: Building Assets For Windows
[2014.10.19-13.43.56:829][  0]LogTargetPlatformManager:Display: Building Assets For Windows
[2014.10.19-13.43.56:860][  0]LogDerivedDataCache:Display: Max Cache Size: 512 MB
[2014.10.19-13.43.56:959][  0]LogDerivedDataCache: Loaded boot cache 0.10s 39MB C:/Users/Evgeny/AppData/Local/UnrealEngine/4.4/DerivedDataCache/Boot.ddc.
[2014.10.19-13.43.56:959][  0]LogDerivedDataCache:Display: Loaded Boot cache: C:/Users/Evgeny/AppData/Local/UnrealEngine/4.4/DerivedDataCache/Boot.ddc
[2014.10.19-13.43.56:960][  0]LogDerivedDataCache: FDerivedDataBackendGraph:  Pak pak cache file ../../../../../../Dgek/Tokyo/DerivedDataCache/DDC.ddp not found, will not use a pak cache.
[2014.10.19-13.43.56:960][  0]LogDerivedDataCache: Unable to find inner node Pak for hierarchical cache Hierarchy.
[2014.10.19-13.43.56:975][  0]LogDerivedDataCache:Display: Pak cache opened for reading ../../../Engine/DerivedDataCache/DDC.ddp.
[2014.10.19-13.43.56:988][  0]LogDerivedDataCache: Using Local data cache path C:/Users/Evgeny/AppData/Local/UnrealEngine/4.4/DerivedDataCache: Writable
[2014.10.19-13.43.57:273][  0]LogMeshUtilities: No automatic mesh reduction module available
[2014.10.19-13.43.57:274][  0]LogMeshUtilities: No automatic mesh merging module available
[2014.10.19-13.43.57:640][  0]LogInit: WinSock: version 1.1 (2.2), MaxSocks=32767, MaxUdp=65467
[2014.10.19-13.43.58:535][  0]LogStats:Warning: MetaData mismatch. Did you assign a stat to two groups? New //STATGROUP_Threads//FMonitoredProcess///Thread_944_0///////STATCAT_Advanced//// old //STATGROUP_Threads//FMonitoredProcess///Thread_1480_0///////STATCAT_Advanced////
[2014.10.19-13.43.58:536][  0]UdpMessaging: Initializing bridge on interface 0.0.0.0:0 to multicast group 230.0.0.1:6666.
[2014.10.19-13.43.58:655][  0]SourceControl: Info Source control is disabled
[2014.10.19-13.43.58:655][  0]SourceControl: Info Source control is disabled
[2014.10.19-13.43.58:659][  0]SourceControl: Info Source control is disabled
[2014.10.19-13.43.58:856][  0]BlueprintLog: New page: Editor Load
[2014.10.19-13.43.58:952][  0]LogObj: 21485 objects as part of root set at end of initial load.
[2014.10.19-13.43.58:952][  0]LogUObjectAllocator: 4247280 out of 0 bytes used by permanent object pool.
[2014.10.19-13.43.59:141][  0]LogEngine: Initializing Engine...
[2014.10.19-13.43.59:227][  0]LogInit: XAudio2 using '0CH=8:8 30@=8BC@K (Razer Kraken 7.1)' : 2 channels at 44.1 kHz using 16 bits per sample (channel mask 0x3)
[2014.10.19-13.43.59:248][  0]LogInit: FAudioDevice initialized.
[2014.10.19-13.43.59:273][  0]LogAIModule: Creating AISystem for world NewWorld
[2014.10.19-13.43.59:293][  0]LogDerivedDataCache: Saved boot cache 0.02s 39MB C:/Users/Evgeny/AppData/Local/UnrealEngine/4.4/DerivedDataCache/Boot.ddc.
[2014.10.19-13.43.59:297][  0]LogInit: Texture streaming: Enabled
[2014.10.19-13.43.59:324][  0]LogInit: Transaction tracking system initialized
[2014.10.19-13.43.59:432][  0]LogAssetRegistry: FAssetRegistry took 0.0118 seconds to start up
[2014.10.19-13.43.59:806][  0]LogTargetPlatformManager:Display: Building Assets For Windows
[2014.10.19-13.44.00:026][  0]LogTargetPlatformManager:Display: Building Assets For Windows
[2014.10.19-13.44.00:140][  0]LogConsoleResponse:Display: 
[2014.10.19-13.44.00:297][  0]LogStats:Warning: MetaData mismatch. Did you assign a stat to two groups? New //STATGROUP_Threads//FMonitoredProcess///Thread_95c_0///////STATCAT_Advanced//// old //STATGROUP_Threads//FMonitoredProcess///Thread_1480_0///////STATCAT_Advanced////
[2014.10.19-13.44.00:298][  0]LogStats:Warning: MetaData mismatch. Did you assign a stat to two groups? New //STATGROUP_Threads//FMonitoredProcess///Thread_1820_0///////STATCAT_Advanced//// old //STATGROUP_Threads//FMonitoredProcess///Thread_1480_0///////STATCAT_Advanced////
[2014.10.19-13.44.00:298][  0]SourceControl: Info Source control is disabled
[2014.10.19-13.44.00:299][  0]Cmd: MAP LOAD FILE="../../../../../../Dgek/Tokyo/Content/Levels/TestLevel.umap" TEMPLATE=0 SHOWPROGRESS=1
[2014.10.19-13.44.00:300][  0]LightingResults: New page: Lighting Build
[2014.10.19-13.44.00:308][  0]MapCheck: New page: Map Check
[2014.10.19-13.44.00:308][  0]LightingResults: New page: Lighting Build
[2014.10.19-13.44.00:320][  0]LogParticles: Destroying 0 GPU particle simulations for FXSystem 0x000000CD0B02F6A0
[2014.10.19-13.44.00:337][  0]LogEditorServer: Finished looking for orphan Actors (0.000 secs)
[2014.10.19-13.44.00:339][  0]LogAIModule: Creating AISystem for world TestLevel
[2014.10.19-13.44.00:340][  0]Cmd: MAP CHECKDEP
[2014.10.19-13.44.00:340][  0]MapCheck: New page: TestLevel - Oct 19, 2014, 9:44:00 PM
[2014.10.19-13.44.00:367][  0]MapCheck: Info ========== Map Check: 0 Error(s), 0 Warning(s), [26.996ms] ==========
[2014.10.19-13.44.00:368][  0]LogFileHelpers: Loading map 'TestLevel' took 0.069
[2014.10.19-13.44.00:482][  0]LogCollectionManager: Loaded 0 collections in 0.000852 seconds
[2014.10.19-13.44.00:577][  0]LogCrashTracker: Crashtracker disabled due to settings.
[2014.10.19-13.44.00:623][  0]LogLoad: Full Startup: 7.51 seconds (BP compile: 0.01 seconds)
[2014.10.19-13.44.00:634][  0]LogContentBrowser:Verbose: The content browser source was changed by the sources view to '/Game/HUD'
[2014.10.19-13.44.00:647][  0]LogAssetRegistry: Asset discovery search completed in 1.2277 seconds
[2014.10.19-13.44.00:799][  0]LogRenderer:Warning: Reallocating scene render targets to support 1104x936.
[2014.10.19-13.44.10:741][120]Cmd: DELETE
[2014.10.19-13.44.10:741][120]Cmd: ACTOR DELETE
[2014.10.19-13.44.10:744][120]LogEditorActor: Deleted Actor: Brush
[2014.10.19-13.44.10:765][120]LogEditorActor: Deleted 1 Actors (0.021 secs)
[2014.10.19-13.44.12:961][380]Cmd: TRANSACTION UNDO
[2014.10.19-13.44.12:961][380]LogEditorTransaction: Undo Select Surfaces
[2014.10.19-13.44.13:429][408]Cmd: TRANSACTION UNDO
[2014.10.19-13.44.13:430][408]LogEditorTransaction: Undo Select Brush from Surface
[2014.10.19-13.44.14:140][479]Cmd: TRANSACTION UNDO
[2014.10.19-13.44.14:140][479]LogEditorTransaction: Undo Delete Actors
[2014.10.19-13.44.14:876][564]Cmd: TRANSACTION UNDO
[2014.10.19-13.44.14:877][564]LogEditorTransaction: Undo Select Surfaces
[2014.10.19-13.44.15:744][666]Cmd: TRANSACTION UNDO
[2014.10.19-13.44.15:745][666]LogEditorTransaction: Undo Select Brush from Surface
[2014.10.19-13.44.18:650][ 14]LogEditorViewport: Clicking Background
[2014.10.19-13.44.27:239][223]Cmd: OBJ SAVEPACKAGE PACKAGE="/Game/Levels/TestLevel" FILE="../../../../../../Dgek/Tokyo/Content/Levels/TestLevel.umap" SILENT=true AUTOSAVING=false KEEPDIRTY=false
[2014.10.19-13.44.27:267][223]LogSavePackage: Save=13.799586ms
[2014.10.19-13.44.27:268][223]LogSavePackage: Moving '../../../../../../Dgek/Tokyo/Saved/TestLevelF18851A940A01095D76234AECA450FF8.tmp' to '../../../../../../Dgek/Tokyo/Content/Levels/TestLevel.umap'
[2014.10.19-13.44.27:278][223]LogFileHelpers: Saving map 'TestLevel' took 0.066
[2014.10.19-13.44.27:281][223]Cmd: MAP LOAD FILE="../../../Engine/Content/Maps/Templates/Template_Default.umap" TEMPLATE=1 SHOWPROGRESS=1
[2014.10.19-13.44.27:282][223]LightingResults: New page: Lighting Build
[2014.10.19-13.44.27:292][223]LoadErrors: New page: Loading map: Template_Default.umap
[2014.10.19-13.44.27:292][223]MapCheck: New page: Map Check
[2014.10.19-13.44.27:292][223]LightingResults: New page: Lighting Build
[2014.10.19-13.44.27:302][223]LogParticles: Destroying 0 GPU particle simulations for FXSystem 0x000000CD03B5C860
[2014.10.19-13.44.27:434][223]LogEditorServer: Finished looking for orphan Actors (0.000 secs)
[2014.10.19-13.44.27:435][223]LogAIModule: Creating AISystem for world Template_Default
[2014.10.19-13.44.27:435][223]Cmd: MAP CHECKDEP
[2014.10.19-13.44.27:435][223]MapCheck: New page: Untitled_1 - Oct 19, 2014, 9:44:27 PM
[2014.10.19-13.44.27:464][223]MapCheck: Info ========== Map Check: 0 Error(s), 0 Warning(s), [28.442ms] ==========
[2014.10.19-13.44.27:464][223]LogFileHelpers: Loading map 'Template_Default' took 0.184
[2014.10.19-13.44.28:674][322]LogEditorViewport: Clicking on Actor (LMB): StaticMeshActor (SM_Template_Map_Floor)
[2014.10.19-13.44.30:917][585]LogPlayLevel: PIE:  No blueprints needed recompiling
[2014.10.19-13.44.30:917][585]PIE: New page: PIE session: Untitled_1 (Oct 19, 2014, 9:44:30 PM)
[2014.10.19-13.44.30:919][585]LogPlayLevel: PIE: StaticDuplicateObject took: (0.001026s)
[2014.10.19-13.44.30:920][585]LogPlayLevel: PIE: World Init took: (0.000879s)
[2014.10.19-13.44.30:920][585]LogPlayLevel: PIE: Created PIE world by copying editor world from /Temp/Untitled_1.Template_Default to /Temp/UEDPIE_0_Untitled_1.Template_Default (0.002814s)
[2014.10.19-13.44.30:967][585]LogWorld: Game class is 'TokyoGameMode'
[2014.10.19-13.44.30:971][585]LogAIModule: Creating AISystem for world Template_Default
[2014.10.19-13.44.30:972][585]LogWorld: Bringing World /Temp/UEDPIE_0_Untitled_1.Template_Default up for play (max tick rate 0) at 2014.10.19-17.44.30
[2014.10.19-13.44.30:973][585]LogWorld: Bringing up level for play took: 0.000988
[2014.10.19-13.44.30:975][585]PIE: Info Play in editor start time for /Temp/UEDPIE_0_Untitled_1 0.869
[2014.10.19-13.44.31:030][586]LogRenderer:Warning: Reallocating scene render targets to support 1104x944.
[2014.10.19-13.44.32:735][757]LogParticles: Destroying 0 GPU particle simulations for FXSystem 0x000000CD0667BA60
[2014.10.19-13.44.34:494][966]LogEditorViewport: Clicking on Actor (LMB): PlayerStart (Player Start)
[2014.10.19-13.44.38:409][424]LogEditorViewport: Clicking on Actor (LMB): StaticMeshActor (SM_Template_Map_Floor)
[2014.10.19-13.44.40:730][677]Cmd: DELETE
[2014.10.19-13.44.40:730][677]Cmd: ACTOR DELETE
[2014.10.19-13.44.40:731][677]LogEditorActor: Deleted Actor: StaticMeshActor
[2014.10.19-13.44.40:742][677]LogEditorActor: Deleted 1 Actors (0.011 secs)
[2014.10.19-13.44.43:260][976]LogContentBrowser:Verbose: The content browser source was changed by the sources view to '/Game'
[2014.10.19-13.44.44:830][159]LogContentBrowser:Verbose: The content browser source was changed by the sources view to '/Game/NewFolder'
[2014.10.19-13.44.47:281][453]LogContentBrowser:Verbose: The content browser source was changed by the sources view to '/Game/Meshes'
[2014.10.19-13.45.01:472][766]LogFactory: FactoryCreateBinary: StaticMesh with FbxFactory (0 0 ../../../../../../Dgek/Tokyo/Content/Meshes/cas_R.FBX)
[2014.10.19-13.45.01:487][766]LogFbx: ItemName: GlobalSettings, ItemCount : 1
[2014.10.19-13.45.01:487][766]LogFbx: ItemName: AnimationStack, ItemCount : 1
[2014.10.19-13.45.01:487][766]LogFbx: ItemName: AnimationLayer, ItemCount : 1
[2014.10.19-13.45.01:488][766]LogFbx: ItemName: Model, ItemCount : 6
[2014.10.19-13.45.01:488][766]LogFbx: ItemName: Geometry, ItemCount : 6
[2014.10.19-13.45.01:488][766]LogFbx: ItemName: Material, ItemCount : 5
[2014.10.19-13.45.01:488][766]LogFbx: ItemName: Texture, ItemCount : 3
[2014.10.19-13.45.01:489][766]LogFbx: ItemName: Video, ItemCount : 3
[2014.10.19-13.45.09:717][766]LogFbx: Loading FBX Scene from ../../../../../../Dgek/Tokyo/Content/Meshes/cas_R.FBX
[2014.10.19-13.45.09:755][766]LogFbx: FBX Scene Loaded Succesfully
[2014.10.19-13.45.09:759][766]LogLinker:Warning: Can't find file '/Game/Meshes/19_-_Default2'
[2014.10.19-13.45.09:760][766]LogLinker:Warning: Can't find file '/Game/Meshes/19_-_Default2'
[2014.10.19-13.45.09:760][766]LogUObjectGlobals:Warning: Failed to find object 'MaterialInterface /Game/Meshes/19_-_Default2.19_-_Default2'
[2014.10.19-13.45.09:763][766]LogMaterial: Missing cached shader map for material 19_-_Default2, compiling.
[2014.10.19-13.45.09:787][766]LogLinker:Warning: Can't find file '/Game/Meshes/19_-_Default22'
[2014.10.19-13.45.09:788][766]LogLinker:Warning: Can't find file '/Game/Meshes/19_-_Default22'
[2014.10.19-13.45.09:788][766]LogUObjectGlobals:Warning: Failed to find object 'MaterialInterface /Game/Meshes/19_-_Default22.19_-_Default22'
[2014.10.19-13.45.09:791][766]LogMaterial: Missing cached shader map for material 19_-_Default22, compiling.
[2014.10.19-13.45.09:818][766]LogLinker:Warning: Can't find file '/Game/Meshes/19_-_Default'
[2014.10.19-13.45.09:818][766]LogLinker:Warning: Can't find file '/Game/Meshes/19_-_Default'
[2014.10.19-13.45.09:819][766]LogUObjectGlobals:Warning: Failed to find object 'MaterialInterface /Game/Meshes/19_-_Default.19_-_Default'
[2014.10.19-13.45.09:822][766]LogMaterial: Missing cached shader map for material 19_-_Default, compiling.
[2014.10.19-13.45.09:845][766]LogLinker:Warning: Can't find file '/Game/Meshes/03_-_Default'
[2014.10.19-13.45.09:845][766]LogLinker:Warning: Can't find file '/Game/Meshes/03_-_Default'
[2014.10.19-13.45.09:846][766]LogUObjectGlobals:Warning: Failed to find object 'MaterialInterface /Game/Meshes/03_-_Default.03_-_Default'
[2014.10.19-13.45.09:848][766]LogMaterial: Missing cached shader map for material 03_-_Default, compiling.
[2014.10.19-13.45.09:851][766]LogFbx:Warning: Triangulating static mesh coll
[2014.10.19-13.45.09:937][766]LogLinker:Warning: Can't find file '/Game/Meshes/19_-_Default22qdq'
[2014.10.19-13.45.09:938][766]LogLinker:Warning: Can't find file '/Game/Meshes/19_-_Default22qdq'
[2014.10.19-13.45.09:938][766]LogUObjectGlobals:Warning: Failed to find object 'MaterialInterface /Game/Meshes/19_-_Default22qdq.19_-_Default22qdq'
[2014.10.19-13.45.09:942][766]LogMaterial: Missing cached shader map for material 19_-_Default22qdq, compiling.
[2014.10.19-13.45.09:945][766]LogFbx:Warning: Triangulating static mesh zam1_pl
[2014.10.19-13.45.09:976][766]LogFbx:Warning: Triangulating static mesh zam2_pl
[2014.10.19-13.45.10:000][766]LogFbx: == Initial material list:
[2014.10.19-13.45.10:001][766]LogFbx: 0: 19 - Default2
[2014.10.19-13.45.10:001][766]LogFbx: 1: 19 - Default22
[2014.10.19-13.45.10:001][766]LogFbx: 2: 19 - Default
[2014.10.19-13.45.10:001][766]LogFbx: 3: 03 - Default
[2014.10.19-13.45.10:001][766]LogFbx: 4: 19 - Default22qdq
[2014.10.19-13.45.10:002][766]LogFbx: 5: 19 - Default22qdq
[2014.10.19-13.45.10:002][766]LogFbx:   remap 5 -> 4
[2014.10.19-13.45.10:002][766]LogFbx: == After sorting:
[2014.10.19-13.45.10:002][766]LogFbx: 0: 19 - Default2
[2014.10.19-13.45.10:002][766]LogFbx: 1: 19 - Default22
[2014.10.19-13.45.10:003][766]LogFbx: 2: 19 - Default
[2014.10.19-13.45.10:003][766]LogFbx: 3: 03 - Default
[2014.10.19-13.45.10:003][766]LogFbx: 4: 19 - Default22qdq
[2014.10.19-13.45.10:003][766]LogFbx: == Mapping table:
[2014.10.19-13.45.10:003][766]LogFbx:   sort 0 -> 0
[2014.10.19-13.45.10:004][766]LogFbx:   sort 1 -> 1
[2014.10.19-13.45.10:004][766]LogFbx:   sort 2 -> 2
[2014.10.19-13.45.10:004][766]LogFbx:   sort 3 -> 3
[2014.10.19-13.45.10:004][766]LogFbx:   sort 4 -> 4
[2014.10.19-13.45.10:004][766]LogFbx:   sort 5 -> 4
[2014.10.19-13.45.10:024][766]LogStaticMesh: Building static mesh cas_R...
[2014.10.19-13.45.10:654][766]LogStaticMesh: Built static mesh [632.128174ms] /Game/Meshes/cas_R.cas_R
[2014.10.19-13.45.11:060][766]LogContentBrowser:Verbose: The content browser source was changed by the sources view to 'None'
[2014.10.19-13.45.11:060][766]LogContentBrowser:Verbose: The content browser source was changed by the sources view to '/Game/Meshes'
[2014.10.19-13.45.13:156][949]LogActorFactory: Actor Factory created cas_R
[2014.10.19-13.45.14:825][148]LogActorFactory: Actor Factory created cas_R
[2014.10.19-13.45.18:921][632]Cmd: TRANSACTION UNDO
[2014.10.19-13.45.18:922][632]LogEditorTransaction: Undo Create Actors
[2014.10.19-13.45.22:518][  3]LogEditorViewport: Clicking on Actor (LMB): PlayerStart (Player Start)
[2014.10.19-13.45.25:043][304]LogNavigationPoint: PostEditMove Clear paths rebuilt
[2014.10.19-13.45.26:864][501]LogActorFactory: Actor Factory created cas_R
[2014.10.19-13.45.28:532][700]LogActorFactory: Actor Factory created cas_R
[2014.10.19-13.46.25:061][470]LogNavigationPoint: PostEditMove Clear paths rebuilt
[2014.10.19-13.46.26:532][646]LogNavigationPoint: PostEditMove Clear paths rebuilt
[2014.10.19-13.46.58:913][416]LogNavigationPoint: PostEditMove Clear paths rebuilt
[2014.10.19-13.46.59:916][536]LogNavigationPoint: PostEditMove Clear paths rebuilt
[2014.10.19-13.47.03:847][983]LogNavigationPoint: PostEditMove Clear paths rebuilt
[2014.10.19-13.47.05:142][133]LogPlayLevel: PIE:  No blueprints needed recompiling
[2014.10.19-13.47.05:142][133]PIE: New page: PIE session: Untitled_1 (Oct 19, 2014, 9:47:05 PM)
[2014.10.19-13.47.05:143][133]LogPlayLevel: PIE: StaticDuplicateObject took: (0.000969s)
[2014.10.19-13.47.05:144][133]LogPlayLevel: PIE: World Init took: (0.000516s)
[2014.10.19-13.47.05:145][133]LogPlayLevel: PIE: Created PIE world by copying editor world from /Temp/Untitled_1.Template_Default to /Temp/UEDPIE_0_Untitled_1.Template_Default (0.002284s)
[2014.10.19-13.47.05:172][133]LogWorld: Game class is 'TokyoGameMode'
[2014.10.19-13.47.05:174][133]LogAIModule: Creating AISystem for world Template_Default
[2014.10.19-13.47.05:175][133]LogWorld: Bringing World /Temp/UEDPIE_0_Untitled_1.Template_Default up for play (max tick rate 0) at 2014.10.19-17.47.05
[2014.10.19-13.47.05:175][133]LogWorld: Bringing up level for play took: 0.000958
[2014.10.19-13.47.05:176][133]PIE: Info Play in editor start time for /Temp/UEDPIE_0_Untitled_1 -0.93
[2014.10.19-13.47.20:816][992]LogParticles: Destroying 0 GPU particle simulations for FXSystem 0x000000CD05BED8A0
[2014.10.19-13.47.22:928][238]LogPlayLevel: PIE:  No blueprints needed recompiling
[2014.10.19-13.47.22:928][238]PIE: New page: PIE session: Untitled_1 (Oct 19, 2014, 9:47:22 PM)
[2014.10.19-13.47.22:930][238]LogPlayLevel: PIE: StaticDuplicateObject took: (0.001030s)
[2014.10.19-13.47.22:931][238]LogPlayLevel: PIE: World Init took: (0.000861s)
[2014.10.19-13.47.22:931][238]LogPlayLevel: PIE: Created PIE world by copying editor world from /Temp/Untitled_1.Template_Default to /Temp/UEDPIE_0_Untitled_1.Template_Default (0.002830s)
[2014.10.19-13.47.22:960][238]LogWorld: Game class is 'TokyoGameMode'
[2014.10.19-13.47.22:961][238]LogAIModule: Creating AISystem for world Template_Default
[2014.10.19-13.47.22:962][238]LogWorld: Bringing World /Temp/UEDPIE_0_Untitled_1.Template_Default up for play (max tick rate 0) at 2014.10.19-17.47.22
[2014.10.19-13.47.22:963][238]LogWorld: Bringing up level for play took: 0.000995
[2014.10.19-13.47.22:963][238]PIE: Info Play in editor start time for /Temp/UEDPIE_0_Untitled_1 0.858
[2014.10.19-13.47.24:403][395]LogParticles: Destroying 0 GPU particle simulations for FXSystem 0x000000CD0AF340E0
[2014.10.19-13.47.32:655][366]MapCheck: New page: Map Check
[2014.10.19-13.47.32:680][366]Cmd: MAP REBUILD ALLVISIBLE
[2014.10.19-13.47.32:680][366]LogEditorServer: Rebuildmap Clear paths rebuilt
[2014.10.19-13.47.32:695][366]LightingResults: New page: Lighting Build - Oct 19, 2014, 9:47:32 PM
[2014.10.19-13.47.33:413][366]LightingResults:Warning: Performance Warning No importance volume found and the scene is so large that the automatically synthesized volume will not yield good results.  Please add a tightly bounding lightmass importance volume to optimize your scene's quality and lighting build times.
[2014.10.19-13.47.33:416][366]LogStaticLightingSystem: Running Lightmass w/ ImmediateImport mode ENABLED
[2014.10.19-13.47.33:417][366]LogStaticLightingSystem: Running Lightmass w/ ImmediateProcess mode ENABLED
[2014.10.19-13.47.33:417][366]LogStaticLightingSystem: Running Lightmass w/ Sorting mode ENABLED
[2014.10.19-13.47.33:417][366]LogStaticLightingSystem: Running Lightmass w/ Mapping paddings ENABLED
[2014.10.19-13.47.33:417][366]LogStaticLightingSystem: Running Lightmass w/ Mapping debug paddings DISABLED
[2014.10.19-13.47.33:583][366]LogEditorBuildUtils: Build time 0:00:00
[2014.10.19-13.47.33:587][366]LogMaterial: Missing cached shader map for material FLightmassMaterialRenderer MaterialInstanceDynamic_29, compiling.
[2014.10.19-13.47.33:591][366]LogMaterial: Missing cached shader map for material FLightmassMaterialRenderer MaterialInstanceDynamic_29, compiling.
[2014.10.19-13.47.33:629][367]LogMaterial: Missing cached shader map for material FLightmassMaterialRenderer 19_-_Default2, compiling.
[2014.10.19-13.47.33:631][367]LogMaterial: Missing cached shader map for material FLightmassMaterialRenderer 19_-_Default2, compiling.
[2014.10.19-13.47.33:633][367]LogMaterial: Missing cached shader map for material FLightmassMaterialRenderer 19_-_Default2, compiling.
[2014.10.19-13.47.33:642][368]LogMaterial: Missing cached shader map for material FLightmassMaterialRenderer 19_-_Default22, compiling.
[2014.10.19-13.47.33:644][368]LogMaterial: Missing cached shader map for material FLightmassMaterialRenderer 19_-_Default22, compiling.
[2014.10.19-13.47.33:646][368]LogMaterial: Missing cached shader map for material FLightmassMaterialRenderer 19_-_Default22, compiling.
[2014.10.19-13.47.33:655][369]LogMaterial: Missing cached shader map for material FLightmassMaterialRenderer 19_-_Default, compiling.
[2014.10.19-13.47.33:658][369]LogMaterial: Missing cached shader map for material FLightmassMaterialRenderer 19_-_Default, compiling.
[2014.10.19-13.47.33:661][369]LogMaterial: Missing cached shader map for material FLightmassMaterialRenderer 19_-_Default, compiling.
[2014.10.19-13.47.33:673][370]LogMaterial: Missing cached shader map for material FLightmassMaterialRenderer 03_-_Default, compiling.
[2014.10.19-13.47.33:675][370]LogMaterial: Missing cached shader map for material FLightmassMaterialRenderer 03_-_Default, compiling.
[2014.10.19-13.47.33:678][370]LogMaterial: Missing cached shader map for material FLightmassMaterialRenderer 03_-_Default, compiling.
[2014.10.19-13.47.33:690][371]LogMaterial: Missing cached shader map for material FLightmassMaterialRenderer 19_-_Default22qdq, compiling.
[2014.10.19-13.47.33:693][371]LogMaterial: Missing cached shader map for material FLightmassMaterialRenderer 19_-_Default22qdq, compiling.
[2014.10.19-13.47.33:695][371]LogMaterial: Missing cached shader map for material FLightmassMaterialRenderer 19_-_Default22qdq, compiling.
[2014.10.19-13.47.35:958][424]LogPlayLevel: PIE:  No blueprints needed recompiling
[2014.10.19-13.47.35:959][424]PIE: New page: PIE session: Untitled_1 (Oct 19, 2014, 9:47:35 PM)
[2014.10.19-13.47.35:960][424]LogPlayLevel: PIE: StaticDuplicateObject took: (0.000912s)
[2014.10.19-13.47.35:961][424]LogPlayLevel: PIE: World Init took: (0.000542s)
[2014.10.19-13.47.35:961][424]LogPlayLevel: PIE: Created PIE world by copying editor world from /Temp/Untitled_1.Template_Default to /Temp/UEDPIE_0_Untitled_1.Template_Default (0.002074s)
[2014.10.19-13.47.35:990][424]LogWorld: Game class is 'TokyoGameMode'
[2014.10.19-13.47.35:991][424]LogAIModule: Creating AISystem for world Template_Default
[2014.10.19-13.47.35:992][424]LogWorld: Bringing World /Temp/UEDPIE_0_Untitled_1.Template_Default up for play (max tick rate 0) at 2014.10.19-17.47.35
[2014.10.19-13.47.35:993][424]LogWorld: Bringing up level for play took: 0.001181
[2014.10.19-13.47.35:993][424]PIE: Info Play in editor start time for /Temp/UEDPIE_0_Untitled_1 -0.112
[2014.10.19-13.47.37:212][553]LogParticles: Destroying 0 GPU particle simulations for FXSystem 0x000000CD0AF36AC0
[2014.10.19-13.47.37:586][589]LightingResults:Error: Error cas_R Object has overlapping UVs.
[2014.10.19-13.47.37:586][589]LightingResults: Info cas_R Lightmap UV are overlapping by 57.0%. Please adjust content - Enable Error Coloring to visualize.
[2014.10.19-13.47.37:619][593]Job is a success!
[2014.10.19-13.47.37:653][594]LogMaterial:Warning: Material /Game/Meshes/19_-_Default2.19_-_Default2 needed to have new flag set bUsedWithStaticLighting !
[2014.10.19-13.47.37:655][594]LogMaterial: Missing cached shader map for material 19_-_Default2, compiling.
[2014.10.19-13.47.37:670][594]LogMaterial: 0.000069 seconds spent updating 1 materials, 1 interfaces, 0 instances, 0 with static permutations.
[2014.10.19-13.47.37:671][594]LogMaterial:Warning: Material /Game/Meshes/19_-_Default22.19_-_Default22 needed to have new flag set bUsedWithStaticLighting !
[2014.10.19-13.47.37:672][594]LogMaterial: Missing cached shader map for material 19_-_Default22, compiling.
[2014.10.19-13.47.37:675][594]LogMaterial: 0.000050 seconds spent updating 1 materials, 1 interfaces, 0 instances, 0 with static permutations.
[2014.10.19-13.47.37:675][594]LogMaterial:Warning: Material /Game/Meshes/19_-_Default.19_-_Default needed to have new flag set bUsedWithStaticLighting !
[2014.10.19-13.47.37:677][594]LogMaterial: Missing cached shader map for material 19_-_Default, compiling.
[2014.10.19-13.47.37:680][594]LogMaterial: 0.000056 seconds spent updating 1 materials, 1 interfaces, 0 instances, 0 with static permutations.
[2014.10.19-13.47.37:681][594]LogMaterial:Warning: Material /Game/Meshes/03_-_Default.03_-_Default needed to have new flag set bUsedWithStaticLighting !
[2014.10.19-13.47.37:682][594]LogMaterial: Missing cached shader map for material 03_-_Default, compiling.
[2014.10.19-13.47.37:687][594]LogMaterial: 0.000068 seconds spent updating 1 materials, 1 interfaces, 0 instances, 0 with static permutations.
[2014.10.19-13.47.37:688][594]LogMaterial:Warning: Material /Game/Meshes/19_-_Default22qdq.19_-_Default22qdq needed to have new flag set bUsedWithStaticLighting !
[2014.10.19-13.47.37:690][594]LogMaterial: Missing cached shader map for material 19_-_Default22qdq, compiling.
[2014.10.19-13.47.37:694][594]LogMaterial: 0.000076 seconds spent updating 1 materials, 1 interfaces, 0 instances, 0 with static permutations.
[2014.10.19-13.47.37:708][594]LogTexture:Display: Building textures: HQ_Lightmap0_1 (AutoDXT)
[2014.10.19-13.47.37:722][594]LogTexture:Display: Building textures: LQ_Lightmap_0_1 (DXT1)
[2014.10.19-13.47.37:737][594]LogTexture:Display: Building textures: ShadowMapTexture2D_0 (BGRA8)
[2014.10.19-13.47.37:768][594]Lightmass on EVGENY: 2.11 sec total, 100 ms importing, 35 ms setup, 967 ms photons, 997 ms processing, 0 ms extra exporting [2/2 mappings]. Threads: 8.67 sec total, 918 ms processing.
[2014.10.19-13.47.37:793][594]LogStaticLightingSystem:Warning: Illumination: 5.08 sec (43 ms encoding lightmaps)
[2014.10.19-13.47.37:794][594]LogStaticLightingSystem: Lightmap texture memory:  0.0 MB (0.0 MB streaming, 0.0 MB non-streaming), 2 textures
[2014.10.19-13.47.37:794][594]LogStaticLightingSystem: Shadowmap texture memory: 0.0 MB (0.0 MB streaming, 0.0 MB non-streaming), 1 textures
[2014.10.19-13.47.38:492][595]Cmd: MAP CHECK NOTIFYRESULTS
[2014.10.19-13.47.38:493][595]MapCheck: New page: Untitled_1 - Oct 19, 2014, 9:47:38 PM
[2014.10.19-13.47.38:539][595]MapCheck: Info ========== Map Check: 0 Error(s), 0 Warning(s), [46.838ms] ==========
[2014.10.19-13.47.46:748][440]LogPlayLevel: PIE:  No blueprints needed recompiling
[2014.10.19-13.47.46:749][440]PIE: New page: PIE session: Untitled_1 (Oct 19, 2014, 9:47:46 PM)
[2014.10.19-13.47.46:752][440]LogPlayLevel: PIE: StaticDuplicateObject took: (0.002921s)
[2014.10.19-13.47.46:753][440]LogPlayLevel: PIE: World Init took: (0.001117s)
[2014.10.19-13.47.46:754][440]LogPlayLevel: PIE: Created PIE world by copying editor world from /Temp/Untitled_1.Template_Default to /Temp/UEDPIE_0_Untitled_1.Template_Default (0.004744s)
[2014.10.19-13.47.46:787][440]LogWorld: Game class is 'TokyoGameMode'
[2014.10.19-13.47.46:789][440]LogAIModule: Creating AISystem for world Template_Default
[2014.10.19-13.47.46:790][440]LogWorld: Bringing World /Temp/UEDPIE_0_Untitled_1.Template_Default up for play (max tick rate 0) at 2014.10.19-17.47.46
[2014.10.19-13.47.46:790][440]LogWorld: Bringing up level for play took: 0.001017
[2014.10.19-13.47.46:791][440]PIE: Info Play in editor start time for /Temp/UEDPIE_0_Untitled_1 0.686
[2014.10.19-13.47.55:453][464]LogParticles: Destroying 0 GPU particle simulations for FXSystem 0x000000CD09BBBD80
[2014.10.19-13.48.09:702][157]LogEditorViewport: Clicking on Actor (context menu): BP_Sky_Sphere_C (BP_Sky_Shere)
[2014.10.19-13.48.10:903][294]LogEditorViewport: Clicking on Actor (LMB): StaticMeshActor (cas_R)
[2014.10.19-13.48.11:272][323]Cmd: SELECT NONE
[2014.10.19-13.48.12:658][480]LogEditorViewport: Clicking on Actor (LMB): StaticMeshActor (cas_R)
[2014.10.19-13.48.13:870][598]LogContentBrowser:Verbose: The content browser source was changed by the sources view to '/Game/Levels'
[2014.10.19-13.48.14:388][660]LogContentBrowser:Verbose: The content browser source was changed by the sources view to '/Game'
[2014.10.19-13.48.15:024][736]LogContentBrowser:Verbose: The content browser source was changed by the sources view to '/Game/HUD'
[2014.10.19-13.48.32:694][553]Cmd: OBJ SAVEPACKAGE PACKAGE="/Game/Levels/Castle" FILE="../../../../../../Dgek/Tokyo/Content/Levels/Castle.umap" SILENT=true AUTOSAVING=false KEEPDIRTY=false
[2014.10.19-13.48.32:725][553]LogSavePackage: Save=15.541589ms
[2014.10.19-13.48.32:726][553]LogSavePackage: Moving '../../../../../../Dgek/Tokyo/Saved/CastleBA73CFFC46E327A52C4F209B0EDAFFFC.tmp' to '../../../../../../Dgek/Tokyo/Content/Levels/Castle.umap'
[2014.10.19-13.48.32:737][553]LogFileHelpers: Saving map 'Castle' took 0.204
[2014.10.19-13.48.40:278][433]Cmd: SELECT NONE
[2014.10.19-13.48.43:943][575]Cmd: OBJ SAVEPACKAGE PACKAGE="/Game/Meshes/03_-_Default" FILE="../../../../../../Dgek/Tokyo/Content/Meshes/03_-_Default.uasset" SILENT=true
[2014.10.19-13.48.44:332][575]LogSavePackage: Save=386.651947ms
[2014.10.19-13.48.44:332][575]LogSavePackage: Moving '../../../../../../Dgek/Tokyo/Saved/03_-_DefaultAF110EC34BEB6F6D0AFF94AA27538715.tmp' to '../../../../../../Dgek/Tokyo/Content/Meshes/03_-_Default.uasset'
[2014.10.19-13.48.44:346][575]Cmd: OBJ SAVEPACKAGE PACKAGE="/Game/Meshes/19_-_Default" FILE="../../../../../../Dgek/Tokyo/Content/Meshes/19_-_Default.uasset" SILENT=true
[2014.10.19-13.48.44:746][575]LogSavePackage: Save=396.679901ms
[2014.10.19-13.48.44:746][575]LogSavePackage: Moving '../../../../../../Dgek/Tokyo/Saved/19_-_DefaultAC2B75774057AF780ADF1883C2C580FB.tmp' to '../../../../../../Dgek/Tokyo/Content/Meshes/19_-_Default.uasset'
[2014.10.19-13.48.44:760][575]Cmd: OBJ SAVEPACKAGE PACKAGE="/Game/Meshes/19_-_Default2" FILE="../../../../../../Dgek/Tokyo/Content/Meshes/19_-_Default2.uasset" SILENT=true
[2014.10.19-13.48.45:143][575]LogSavePackage: Save=381.502136ms
[2014.10.19-13.48.45:143][575]LogSavePackage: Moving '../../../../../../Dgek/Tokyo/Saved/19_-_Default22F28126548990AEA014798B884E472A0.tmp' to '../../../../../../Dgek/Tokyo/Content/Meshes/19_-_Default2.uasset'
[2014.10.19-13.48.45:157][575]Cmd: OBJ SAVEPACKAGE PACKAGE="/Game/Meshes/19_-_Default22" FILE="../../../../../../Dgek/Tokyo/Content/Meshes/19_-_Default22.uasset" SILENT=true
[2014.10.19-13.48.45:551][575]LogSavePackage: Save=391.546051ms
[2014.10.19-13.48.45:551][575]LogSavePackage: Moving '../../../../../../Dgek/Tokyo/Saved/19_-_Default221645744F4F67281C9A11259138649DC4.tmp' to '../../../../../../Dgek/Tokyo/Content/Meshes/19_-_Default22.uasset'
[2014.10.19-13.48.45:567][575]Cmd: OBJ SAVEPACKAGE PACKAGE="/Game/Meshes/19_-_Default22qdq" FILE="../../../../../../Dgek/Tokyo/Content/Meshes/19_-_Default22qdq.uasset" SILENT=true
[2014.10.19-13.48.45:957][575]LogSavePackage: Save=388.399963ms
[2014.10.19-13.48.45:957][575]LogSavePackage: Moving '../../../../../../Dgek/Tokyo/Saved/19_-_Default22qdqF1C88C434CAD95356BC6AF918F1A5CB6.tmp' to '../../../../../../Dgek/Tokyo/Content/Meshes/19_-_Default22qdq.uasset'
[2014.10.19-13.48.45:971][575]Cmd: OBJ SAVEPACKAGE PACKAGE="/Game/Meshes/cas_R" FILE="../../../../../../Dgek/Tokyo/Content/Meshes/cas_R.uasset" SILENT=true
[2014.10.19-13.48.46:298][575]LogSavePackage: Save=325.939667ms
[2014.10.19-13.48.46:298][575]LogSavePackage: Moving '../../../../../../Dgek/Tokyo/Saved/cas_RF027C9E24C346929B2CC06A671B1DC7E.tmp' to '../../../../../../Dgek/Tokyo/Content/Meshes/cas_R.uasset'
[2014.10.19-13.48.46:581][576]Cmd: QUIT_EDITOR
[2014.10.19-13.48.46:709][576]LogWindowsTextInputMethodSystem:Error: Terminating failed while unadvising the language notification sink from the TSF source.
[2014.10.19-13.48.46:712][576]LogExit: Preparing to exit.
[2014.10.19-13.48.47:282][576]LogExit: Editor shut down
[2014.10.19-13.48.47:283][576]LogExit: Transaction tracking system shut down
[2014.10.19-13.48.47:284][576]LogParticles: Destroying 0 GPU particle simulations for FXSystem 0x000000CD09EEF740
[2014.10.19-13.48.47:284][576]LogParticles: Destroying 0 GPU particle simulations for FXSystem 0x000000CD06265800
[2014.10.19-13.48.47:285][576]LogParticles: Destroying 0 GPU particle simulations for FXSystem 0x000000CD062656C0
[2014.10.19-13.48.47:309][576]LogExit: Object subsystem successfully closed.
[2014.10.19-13.48.47:336][576]LogModuleManager: Shutting down and abandoning module NewLevelDialog (163)
[2014.10.19-13.48.47:337][576]LogModuleManager: Shutting down and abandoning module AndroidDeviceDetection (162)
[2014.10.19-13.48.47:337][576]LogModuleManager: Shutting down and abandoning module HTTP (161)
[2014.10.19-13.48.47:337][576]LogModuleManager: Shutting down and abandoning module CrashTracker (160)
[2014.10.19-13.48.47:337][576]LogModuleManager: Shutting down and abandoning module SuperSearch (159)
[2014.10.19-13.48.47:338][576]LogModuleManager: Shutting down and abandoning module SceneOutliner (158)
[2014.10.19-13.48.47:338][576]LogModuleManager: Shutting down and abandoning module EditorWidgets (157)
[2014.10.19-13.48.47:338][576]LogModuleManager: Shutting down and abandoning module CollectionManager (156)
[2014.10.19-13.48.47:339][576]LogModuleManager: Shutting down and abandoning module StatsViewer (155)
[2014.10.19-13.48.47:339][576]LogModuleManager: Shutting down and abandoning module FoliageEdit (154)
[2014.10.19-13.48.47:340][576]LogModuleManager: Shutting down and abandoning module LandscapeEditor (153)
[2014.10.19-13.48.47:340][576]LogModuleManager: Shutting down and abandoning module MeshPaint (152)
[2014.10.19-13.48.47:341][576]LogModuleManager: Shutting down and abandoning module ActorPickerMode (151)
[2014.10.19-13.48.47:341][576]LogModuleManager: Shutting down and abandoning module GeometryMode (150)
[2014.10.19-13.48.47:341][576]LogModuleManager: Shutting down and abandoning module TextureAlignMode (149)
[2014.10.19-13.48.47:341][576]LogModuleManager: Shutting down and abandoning module BspMode (148)
[2014.10.19-13.48.47:341][576]LogModuleManager: Shutting down and abandoning module PlacementMode (147)
[2014.10.19-13.48.47:342][576]LogModuleManager: Shutting down and abandoning module DesktopPlatform (146)
[2014.10.19-13.48.47:342][576]LogModuleManager: Shutting down and abandoning module AutomationWorker (145)
[2014.10.19-13.48.47:342][576]LogModuleManager: Shutting down and abandoning module EditorLiveStreaming (144)
[2014.10.19-13.48.47:342][576]LogModuleManager: Shutting down and abandoning module BehaviorTreeEditor (143)
[2014.10.19-13.48.47:343][576]LogModuleManager: Shutting down and abandoning module DeviceProfileEditor (142)
[2014.10.19-13.48.47:343][576]LogModuleManager: Shutting down and abandoning module UndoHistory (141)
[2014.10.19-13.48.47:344][576]LogModuleManager: Shutting down and abandoning module GameplayTagsEditor (140)
[2014.10.19-13.48.47:344][576]LogModuleManager: Shutting down and abandoning module UserFeedback (139)
[2014.10.19-13.48.47:344][576]LogModuleManager: Shutting down and abandoning module XmlParser (138)
[2014.10.19-13.48.47:344][576]LogModuleManager: Shutting down and abandoning module Blutility (137)
[2014.10.19-13.48.47:344][576]LogModuleManager: Shutting down and abandoning module IOSPlatformEditor (136)
[2014.10.19-13.48.47:345][576]LogModuleManager: Shutting down and abandoning module IOSRuntimeSettings (135)
[2014.10.19-13.48.47:345][576]LogModuleManager: Shutting down and abandoning module AndroidPlatformEditor (134)
[2014.10.19-13.48.47:345][576]LogModuleManager: Shutting down and abandoning module AndroidRuntimeSettings (133)
[2014.10.19-13.48.47:345][576]LogModuleManager: Shutting down and abandoning module ProjectTargetPlatformEditor (132)
[2014.10.19-13.48.47:345][576]LogModuleManager: Shutting down and abandoning module ProjectSettingsViewer (131)
[2014.10.19-13.48.47:346][576]LogModuleManager: Shutting down and abandoning module InputBindingEditor (130)
[2014.10.19-13.48.47:346][576]LogModuleManager: Shutting down and abandoning module EditorSettingsViewer (129)
[2014.10.19-13.48.47:346][576]LogModuleManager: Shutting down and abandoning module SettingsEditor (128)
[2014.10.19-13.48.47:346][576]LogModuleManager: Shutting down and abandoning module SessionLauncher (127)
[2014.10.19-13.48.47:347][576]LogModuleManager: Shutting down and abandoning module SessionFrontend (126)
[2014.10.19-13.48.47:347][576]LogModuleManager: Shutting down and abandoning module ProfilerClient (125)
[2014.10.19-13.48.47:347][576]LogModuleManager: Shutting down and abandoning module TargetDeviceServices (124)
[2014.10.19-13.48.47:347][576]LogModuleManager: Shutting down and abandoning module DeviceManager (123)
[2014.10.19-13.48.47:348][576]LogModuleManager: Shutting down and abandoning module AutomationController (122)
[2014.10.19-13.48.47:348][576]LogModuleManager: Shutting down and abandoning module AutomationWindow (121)
[2014.10.19-13.48.47:348][576]LogModuleManager: Shutting down and abandoning module Layers (120)
[2014.10.19-13.48.47:349][576]LogModuleManager: Shutting down and abandoning module ComponentVisualizers (119)
[2014.10.19-13.48.47:349][576]LogModuleManager: Shutting down and abandoning module DetailCustomizations (118)
[2014.10.19-13.48.47:349][576]LogModuleManager: Shutting down and abandoning module PackagesDialog (117)
[2014.10.19-13.48.47:349][576]LogModuleManager: Shutting down and abandoning module DirectoryWatcher (116)
[2014.10.19-13.48.47:350][576]LogModuleManager: Shutting down and abandoning module AssetRegistry (115)
[2014.10.19-13.48.47:383][576]LogModuleManager: Shutting down and abandoning module Persona (114)
[2014.10.19-13.48.47:384][576]LogModuleManager: Shutting down and abandoning module GraphEditor (113)
[2014.10.19-13.48.47:384][576]LogModuleManager: Shutting down and abandoning module ClassViewer (112)
[2014.10.19-13.48.47:384][576]LogModuleManager: Shutting down and abandoning module Toolbox (111)
[2014.10.19-13.48.47:385][576]LogModuleManager: Shutting down and abandoning module ModuleUI (110)
[2014.10.19-13.48.47:385][576]LogModuleManager: Shutting down and abandoning module Sequencer (109)
[2014.10.19-13.48.47:386][576]LogModuleManager: Shutting down and abandoning module MovieSceneTools (108)
[2014.10.19-13.48.47:386][576]LogModuleManager: Shutting down and abandoning module OutputLog (107)
[2014.10.19-13.48.47:386][576]LogModuleManager: Shutting down and abandoning module GammaUI (106)
[2014.10.19-13.48.47:386][576]LogModuleManager: Shutting down and abandoning module Documentation (105)
[2014.10.19-13.48.47:387][576]LogModuleManager: Shutting down and abandoning module GameLiveStreaming (104)
[2014.10.19-13.48.47:387][576]LogModuleManager: Shutting down and abandoning module StreamingPauseRendering (103)
[2014.10.19-13.48.47:387][576]LogModuleManager: Shutting down and abandoning module AnalyticsET (102)
[2014.10.19-13.48.47:387][576]LogModuleManager: Shutting down and abandoning module Analytics (101)
[2014.10.19-13.48.47:387][576]LogModuleManager: Shutting down and abandoning module GameplayDebugger (100)
[2014.10.19-13.48.47:387][576]LogModuleManager: Shutting down and abandoning module AIModule (99)
[2014.10.19-13.48.47:388][576]LogModuleManager: Shutting down and abandoning module ProfilerService (98)
[2014.10.19-13.48.47:570][576]LogModuleManager: Shutting down and abandoning module TaskGraph (97)
[2014.10.19-13.48.47:572][576]LogModuleManager: Shutting down and abandoning module SlateRemote (96)
[2014.10.19-13.48.47:572][576]LogModuleManager: Shutting down and abandoning module ScriptEditorPlugin (95)
[2014.10.19-13.48.47:572][576]LogModuleManager: Shutting down and abandoning module CustomMeshComponent (94)
[2014.10.19-13.48.47:573][576]LogModuleManager: Shutting down and abandoning module CableComponent (93)
[2014.10.19-13.48.47:573][576]LogModuleManager: Shutting down and abandoning module MessagingDebugger (92)
[2014.10.19-13.48.47:574][576]LogModuleManager: Shutting down and abandoning module ViewportSnapping (91)
[2014.10.19-13.48.47:574][576]LogModuleManager: Shutting down and abandoning module SmartSnapping (90)
[2014.10.19-13.48.47:574][576]LogModuleManager: Shutting down and abandoning module PaperTiledImporter (89)
[2014.10.19-13.48.47:574][576]LogModuleManager: Shutting down and abandoning module PaperJsonImporter (88)
[2014.10.19-13.48.47:574][576]LogModuleManager: Shutting down and abandoning module GameProjectGeneration (87)
[2014.10.19-13.48.47:575][576]LogModuleManager: Shutting down and abandoning module Matinee (86)
[2014.10.19-13.48.47:575][576]LogModuleManager: Shutting down and abandoning module Kismet (85)
[2014.10.19-13.48.47:576][576]LogModuleManager: Shutting down and abandoning module SlateReflector (84)
[2014.10.19-13.48.47:576][576]LogModuleManager: Shutting down and abandoning module LevelEditor (83)
[2014.10.19-13.48.47:577][576]LogModuleManager: Shutting down and abandoning module IntroTutorials (82)
[2014.10.19-13.48.47:577][576]LogModuleManager: Shutting down and abandoning module ContentBrowser (81)
[2014.10.19-13.48.47:577][576]LogModuleManager: Shutting down and abandoning module PropertyEditor (80)
[2014.10.19-13.48.47:578][576]LogModuleManager: Shutting down and abandoning module AssetTools (79)
[2014.10.19-13.48.47:578][576]LogModuleManager: Shutting down and abandoning module Paper2DEditor (78)
[2014.10.19-13.48.47:578][576]LogModuleManager: Shutting down and abandoning module SpeedTreeImporter (77)
[2014.10.19-13.48.47:578][576]LogModuleManager: Shutting down and abandoning module PluginsEditor (76)
[2014.10.19-13.48.47:579][576]LogModuleManager: Shutting down and abandoning module MainFrame (75)
[2014.10.19-13.48.47:579][576]LogModuleManager: Shutting down and abandoning module EpicSurvey (74)
[2014.10.19-13.48.47:579][576]LogModuleManager: Shutting down and abandoning module VisualStudioSourceCodeAccess (73)
[2014.10.19-13.48.47:579][576]LogModuleManager: Shutting down and abandoning module UObjectPlugin (72)
[2014.10.19-13.48.47:579][576]LogModuleManager: Shutting down and abandoning module SubversionSourceControl (71)
[2014.10.19-13.48.47:579][576]LogModuleManager: Shutting down and abandoning module SourceControl (70)
[2014.10.19-13.48.47:580][576]LogModuleManager: Shutting down and abandoning module PerforceSourceControl (69)
[2014.10.19-13.48.47:580][576]LogModuleManager: Shutting down and abandoning module BlankPlugin (68)
[2014.10.19-13.48.47:580][576]LogModuleManager: Shutting down and abandoning module Tokyo (67)
[2014.10.19-13.48.47:581][576]LogModuleManager: Shutting down and abandoning module ScriptPlugin (66)
[2014.10.19-13.48.47:581][576]LogModuleManager: Shutting down and abandoning module UdpMessaging (65)
[2014.10.19-13.48.47:682][576]LogModuleManager: Shutting down and abandoning module Paper2D (64)
[2014.10.19-13.48.47:682][576]LogModuleManager: Shutting down and abandoning module WindowsMoviePlayer (63)
[2014.10.19-13.48.47:685][576]LogModuleManager: Shutting down and abandoning module ImageWrapper (62)
[2014.10.19-13.48.47:686][576]LogModuleManager: Shutting down and abandoning module OnlineBlueprintSupport (61)
[2014.10.19-13.48.47:686][576]LogModuleManager: Shutting down and abandoning module FunctionalTesting (60)
[2014.10.19-13.48.47:687][576]LogModuleManager: Shutting down and abandoning module CollisionAnalyzer (59)
[2014.10.19-13.48.47:688][576]LogModuleManager: Shutting down and abandoning module WorkspaceMenuStructure (58)
[2014.10.19-13.48.47:688][576]LogModuleManager: Shutting down and abandoning module MessageLog (57)
[2014.10.19-13.48.47:689][576]LogModuleManager: Shutting down and abandoning module UMGEditor (56)
[2014.10.19-13.48.47:689][576]LogModuleManager: Shutting down and abandoning module UMG (55)
[2014.10.19-13.48.47:690][576]LogModuleManager: Shutting down and abandoning module Slate (54)
[2014.10.19-13.48.47:690][576]LogModuleManager: Shutting down and abandoning module EditorStyle (53)
[2014.10.19-13.48.47:691][576]LogModuleManager: Shutting down and abandoning module SessionServices (52)
[2014.10.19-13.48.47:691][576]LogModuleManager: Shutting down and abandoning module SourceCodeAccess (51)
[2014.10.19-13.48.47:691][576]LogModuleManager: Shutting down and abandoning module HeadMountedDisplay (50)
[2014.10.19-13.48.47:691][576]LogModuleManager: Shutting down and abandoning module XAudio2 (49)
[2014.10.19-13.48.47:692][576]LogModuleManager: Shutting down and abandoning module Networking (47)
[2014.10.19-13.48.47:692][576]LogModuleManager: Shutting down and abandoning module Core (46)
[2014.10.19-13.48.47:692][576]LogModuleManager: Shutting down and abandoning module KismetCompiler (45)
[2014.10.19-13.48.47:692][576]LogModuleManager: Shutting down and abandoning module PhysXFormats (44)
[2014.10.19-13.48.47:692][576]LogModuleManager: Shutting down and abandoning module MeshUtilities (43)
[2014.10.19-13.48.47:693][576]LogModuleManager: Shutting down and abandoning module DerivedDataCache (42)
[2014.10.19-13.48.47:751][576]LogDerivedDataCache: Shutdown
[2014.10.19-13.48.47:752][576]LogModuleManager: Shutting down and abandoning module ShaderFormatOpenGL (41)
[2014.10.19-13.48.47:753][576]LogModuleManager: Shutting down and abandoning module ShaderFormatD3D (40)
[2014.10.19-13.48.47:753][576]LogModuleManager: Shutting down and abandoning module MetalShaderFormat (39)
[2014.10.19-13.48.47:754][576]LogModuleManager: Shutting down and abandoning module TextureFormatUncompressed (38)
[2014.10.19-13.48.47:754][576]LogModuleManager: Shutting down and abandoning module TextureFormatPVR (37)
[2014.10.19-13.48.47:754][576]LogModuleManager: Shutting down and abandoning module TextureFormatDXT (36)
[2014.10.19-13.48.47:754][576]LogModuleManager: Shutting down and abandoning module TextureFormatAndroid (35)
[2014.10.19-13.48.47:754][576]LogModuleManager: Shutting down and abandoning module AudioFormatOpus (34)
[2014.10.19-13.48.47:755][576]LogModuleManager: Shutting down and abandoning module AudioFormatOgg (33)
[2014.10.19-13.48.47:755][576]LogModuleManager: Shutting down and abandoning module AudioFormatADPCM (32)
[2014.10.19-13.48.47:755][576]LogModuleManager: Shutting down and abandoning module Messaging (31)
[2014.10.19-13.48.47:755][576]LogModuleManager: Shutting down and abandoning module IOSTargetPlatform (30)
[2014.10.19-13.48.47:755][576]LogModuleManager: Shutting down and abandoning module Android_PVRTCTargetPlatform (29)
[2014.10.19-13.48.47:755][576]LogModuleManager: Shutting down and abandoning module Android_ETC2TargetPlatform (28)
[2014.10.19-13.48.47:755][576]LogModuleManager: Shutting down and abandoning module Android_ETC1TargetPlatform (27)
[2014.10.19-13.48.47:756][576]LogModuleManager: Shutting down and abandoning module Android_DXTTargetPlatform (26)
[2014.10.19-13.48.47:756][576]LogModuleManager: Shutting down and abandoning module Android_ATCTargetPlatform (25)
[2014.10.19-13.48.47:756][576]LogModuleManager: Shutting down and abandoning module AndroidTargetPlatform (24)
[2014.10.19-13.48.47:756][576]LogModuleManager: Shutting down and abandoning module WindowsTargetPlatform (23)
[2014.10.19-13.48.47:756][576]LogModuleManager: Shutting down and abandoning module WindowsServerTargetPlatform (22)
[2014.10.19-13.48.47:756][576]LogModuleManager: Shutting down and abandoning module WindowsNoEditorTargetPlatform (21)
[2014.10.19-13.48.47:757][576]LogModuleManager: Shutting down and abandoning module WindowsClientTargetPlatform (20)
[2014.10.19-13.48.47:757][576]LogModuleManager: Shutting down and abandoning module TargetPlatform (19)
[2014.10.19-13.48.47:757][576]LogModuleManager: Shutting down and abandoning module InputCore (18)
[2014.10.19-13.48.47:757][576]LogModuleManager: Shutting down and abandoning module Settings (17)
[2014.10.19-13.48.47:757][576]LogModuleManager: Shutting down and abandoning module ExampleDeviceProfileSelector (14)
[2014.10.19-13.48.47:757][576]LogModuleManager: Shutting down and abandoning module OculusRift (13)
[2014.10.19-13.48.47:757][576]LogModuleManager: Shutting down and abandoning module TextureCompressor (12)
[2014.10.19-13.48.47:758][576]LogModuleManager: Shutting down and abandoning module ShaderCore (11)
[2014.10.19-13.48.47:758][576]LogModuleManager: Shutting down and abandoning module OpenGLDrv (10)
[2014.10.19-13.48.47:758][576]LogModuleManager: Shutting down and abandoning module D3D11RHI (9)
[2014.10.19-13.48.47:758][576]LogModuleManager: Shutting down and abandoning module SlateRHIRenderer (8)
[2014.10.19-13.48.47:758][576]LogModuleManager: Shutting down and abandoning module Renderer (7)
[2014.10.19-13.48.47:758][576]LogModuleManager: Shutting down and abandoning module Engine (6)
[2014.10.19-13.48.47:759][576]LogModuleManager: Shutting down and abandoning module CoreUObject (5)
[2014.10.19-13.48.47:759][576]LogModuleManager: Shutting down and abandoning module NetworkFile (4)
[2014.10.19-13.48.47:759][576]LogModuleManager: Shutting down and abandoning module StreamingFile (3)
[2014.10.19-13.48.47:759][576]LogModuleManager: Shutting down and abandoning module SandboxFile (2)
[2014.10.19-13.48.47:759][576]LogModuleManager: Shutting down and abandoning module PakFile (1)
[2014.10.19-13.48.47:760][576]LogExit: Exiting.
[2014.10.19-13.48.47:765][576]Log file closed, 10/19/14 17:48:47
